<?xml version="1.0" encoding="UTF-8"?>
<!-- Generated by org.testng.reporters.JUnitReportReporter -->
<testsuite hostname="DESKTOP-9ALJT7J" failures="0" tests="1" name="Acedemy.logintest" time="67.859" errors="0" timestamp="2021-08-13T10:42:46 IST" skipped="0">
  <testcase classname="Acedemy.logintest" name="login" time="67.859"/>
  <system-out/>
</testsuite> <!-- Acedemy.logintest -->
