<?xml version="1.0" encoding="UTF-8"?>
<!-- Generated by org.testng.reporters.JUnitReportReporter -->
<testsuite hostname="DESKTOP-9ALJT7J" failures="0" tests="1" name="Acedemy.HomePage" time="14.665" errors="0" timestamp="2021-08-08T18:33:01 IST" skipped="0">
  <testcase classname="Acedemy.HomePage" name="baseNavigation" time="14.665"/>
  <system-out/>
</testsuite> <!-- Acedemy.HomePage -->
