<?xml version="1.0" encoding="UTF-8"?>
<!-- Generated by org.testng.reporters.JUnitReportReporter -->
<testsuite hostname="DESKTOP-9ALJT7J" failures="0" tests="1" name="Acedemy.logintest" time="12.860" errors="0" timestamp="2021-08-12T11:30:06 IST" skipped="0">
  <testcase classname="Acedemy.logintest" name="login" time="12.860"/>
  <system-out/>
</testsuite> <!-- Acedemy.logintest -->
