<?xml version="1.0" encoding="UTF-8"?>
<!-- Generated by org.testng.reporters.JUnitReportReporter -->
<testsuite skipped="0" hostname="DESKTOP-9ALJT7J" name="Acedemy.HomePage" tests="1" failures="0" timestamp="2021-08-07T16:08:43 IST" time="12.767" errors="0">
  <testcase name="baseNavigation" time="12.767" classname="Acedemy.HomePage"/>
  <system-out/>
</testsuite> <!-- Acedemy.HomePage -->
